<?xml version="1.0" encoding="UTF-8"?>
<testsuite name="Cucumber" time="36.247" tests="5" skipped="0" failures="3" errors="0">
<testcase classname="Amazonda toplu olarak verilen kelimeleri aratır" name="TC13 Kullanici listedeki tüm ürünler için testi tekrarlayabilmeli - Example #1.1" time="9.542">
<system-out><![CDATA[
Given kullanıcı "amazonUrl" anasayfasina gider..............................passed
Then arama kutusuna Nutella yazip, ENTER tuşuna basar.......................passed
And arama sonuclarinin Nutella icerdigini test eder.........................passed
Then sayfayi kapatir........................................................passed
]]></system-out>
</testcase>
<testcase classname="Amazonda toplu olarak verilen kelimeleri aratır" name="TC13 Kullanici listedeki tüm ürünler için testi tekrarlayabilmeli - Example #1.2" time="17.274">
<failure type="org.openqa.selenium.NoSuchElementException" message="no such element: Unable to locate element: {&quot;method&quot;:&quot;css selector&quot;,&quot;selector&quot;:&quot;#twotabsearchtextbox&quot;}
  (Session info: chrome=114.0.5735.199)
For documentation on this error, please visit: https://www.selenium.dev/documentation/webdriver/troubleshooting/errors#no-such-element-exception
Build info: version: '4.10.0', revision: 'c14d967899'
System info: os.name: 'Windows 11', os.arch: 'amd64', os.version: '10.0', java.version: '19.0.2'
Driver info: org.openqa.selenium.chrome.ChromeDriver
Command: [7928d6640742eebd99f505682efb73a9, findElement {using=id, value=twotabsearchtextbox}]
Capabilities {acceptInsecureCerts: false, browserName: chrome, browserVersion: 114.0.5735.199, chrome: {chromedriverVersion: 114.0.5735.90 (386bc09e8f4f..., userDataDir: C:\Users\asus\AppData\Local...}, goog:chromeOptions: {debuggerAddress: localhost:56508}, networkConnectionEnabled: false, pageLoadStrategy: normal, platformName: windows, proxy: Proxy(), se:cdp: ws://localhost:56508/devtoo..., se:cdpVersion: 114.0.5735.199, setWindowRect: true, strictFileInteractability: false, timeouts: {implicit: 0, pageLoad: 300000, script: 30000}, unhandledPromptBehavior: dismiss and notify, webauthn:extension:credBlob: true, webauthn:extension:largeBlob: true, webauthn:extension:minPinLength: true, webauthn:extension:prf: true, webauthn:virtualAuthenticators: true}
Session ID: 7928d6640742eebd99f505682efb73a9">
<![CDATA[org.openqa.selenium.NoSuchElementException: no such element: Unable to locate element: {"method":"css selector","selector":"#twotabsearchtextbox"}
  (Session info: chrome=114.0.5735.199)
For documentation on this error, please visit: https://www.selenium.dev/documentation/webdriver/troubleshooting/errors#no-such-element-exception
Build info: version: '4.10.0', revision: 'c14d967899'
System info: os.name: 'Windows 11', os.arch: 'amd64', os.version: '10.0', java.version: '19.0.2'
Driver info: org.openqa.selenium.chrome.ChromeDriver
Command: [7928d6640742eebd99f505682efb73a9, findElement {using=id, value=twotabsearchtextbox}]
Capabilities {acceptInsecureCerts: false, browserName: chrome, browserVersion: 114.0.5735.199, chrome: {chromedriverVersion: 114.0.5735.90 (386bc09e8f4f..., userDataDir: C:\Users\asus\AppData\Local...}, goog:chromeOptions: {debuggerAddress: localhost:56508}, networkConnectionEnabled: false, pageLoadStrategy: normal, platformName: windows, proxy: Proxy(), se:cdp: ws://localhost:56508/devtoo..., se:cdpVersion: 114.0.5735.199, setWindowRect: true, strictFileInteractability: false, timeouts: {implicit: 0, pageLoad: 300000, script: 30000}, unhandledPromptBehavior: dismiss and notify, webauthn:extension:credBlob: true, webauthn:extension:largeBlob: true, webauthn:extension:minPinLength: true, webauthn:extension:prf: true, webauthn:virtualAuthenticators: true}
Session ID: 7928d6640742eebd99f505682efb73a9
	at java.base/jdk.internal.reflect.DirectConstructorHandleAccessor.newInstance(DirectConstructorHandleAccessor.java:67)
	at java.base/java.lang.reflect.Constructor.newInstanceWithCaller(Constructor.java:500)
	at java.base/java.lang.reflect.Constructor.newInstance(Constructor.java:484)
	at org.openqa.selenium.remote.codec.w3c.W3CHttpResponseCodec.createException(W3CHttpResponseCodec.java:199)
	at org.openqa.selenium.remote.codec.w3c.W3CHttpResponseCodec.decode(W3CHttpResponseCodec.java:132)
	at org.openqa.selenium.remote.codec.w3c.W3CHttpResponseCodec.decode(W3CHttpResponseCodec.java:51)
	at org.openqa.selenium.remote.HttpCommandExecutor.execute(HttpCommandExecutor.java:191)
	at org.openqa.selenium.remote.service.DriverCommandExecutor.invokeExecute(DriverCommandExecutor.java:196)
	at org.openqa.selenium.remote.service.DriverCommandExecutor.execute(DriverCommandExecutor.java:171)
	at org.openqa.selenium.remote.RemoteWebDriver.execute(RemoteWebDriver.java:531)
	at org.openqa.selenium.remote.ElementLocation$ElementFinder$2.findElement(ElementLocation.java:165)
	at org.openqa.selenium.remote.ElementLocation.findElement(ElementLocation.java:66)
	at org.openqa.selenium.remote.RemoteWebDriver.findElement(RemoteWebDriver.java:350)
	at org.openqa.selenium.remote.RemoteWebDriver.findElement(RemoteWebDriver.java:344)
	at org.openqa.selenium.support.pagefactory.DefaultElementLocator.findElement(DefaultElementLocator.java:68)
	at org.openqa.selenium.support.pagefactory.internal.LocatingElementHandler.invoke(LocatingElementHandler.java:38)
	at jdk.proxy2/jdk.proxy2.$Proxy23.sendKeys(Unknown Source)
	at stepdefinitions.AmazonStepdefinitions.aramaKutusunaJavaYazipENTERTuşunaBasar(AmazonStepdefinitions.java:52)
	at ✽.arama kutusuna Java yazip, ENTER tuşuna basar(file:///C:/Intel/team116_Cucumber/src/test/resourses/US1007_DataProviderKullanimi.feature:6)
]]>
</failure>
<system-out><![CDATA[
Given kullanıcı "amazonUrl" anasayfasina gider..............................passed
Then arama kutusuna Java yazip, ENTER tuşuna basar..........................failed
And arama sonuclarinin Java icerdigini test eder............................skipped
Then sayfayi kapatir........................................................skipped
]]></system-out>
</testcase>
<testcase classname="Amazonda toplu olarak verilen kelimeleri aratır" name="TC13 Kullanici listedeki tüm ürünler için testi tekrarlayabilmeli - Example #1.3" time="5.837">
<system-out><![CDATA[
Given kullanıcı "amazonUrl" anasayfasina gider..............................passed
Then arama kutusuna Samsung yazip, ENTER tuşuna basar.......................passed
And arama sonuclarinin Samsung icerdigini test eder.........................passed
Then sayfayi kapatir........................................................passed
]]></system-out>
</testcase>
<testcase classname="Amazonda toplu olarak verilen kelimeleri aratır" name="TC13 Kullanici listedeki tüm ürünler için testi tekrarlayabilmeli - Example #1.4" time="2.405">
<failure/>
<system-out><![CDATA[
Given kullanıcı "amazonUrl" anasayfasina gider..............................passed
Then arama kutusuna Cannes yazip, ENTER tuşuna basar........................undefined
And arama sonuclarinin Cannes icerdigini test eder..........................skipped
Then sayfayi kapatir........................................................skipped
]]></system-out>
</testcase>
<testcase classname="Amazonda toplu olarak verilen kelimeleri aratır" name="TC13 Kullanici listedeki tüm ürünler için testi tekrarlayabilmeli - Example #1.5" time="0.988">
<failure/>
<system-out><![CDATA[
Given kullanıcı "amazonUrl" anasayfasina gider..............................passed
Then arama kutusuna Nederland yazip, ENTER tuşuna basar.....................undefined
And arama sonuclarinin Nederland icerdigini test eder.......................skipped
Then sayfayi kapatir........................................................skipped
]]></system-out>
</testcase>
</testsuite>
